<?xml version="1.0" encoding="UTF-8"?>
<!-- Generated by org.testng.reporters.JUnitReportReporter -->
<testsuite hostname="kranthi.local" failures="0" tests="1" name="com.AI.tests.SoftHardAssert" time="0.022" errors="0" timestamp="2024-12-21T11:57:44 IST" skipped="0">
  <testcase classname="com.AI.tests.SoftHardAssert" name="login" time="0.022"/>
  <system-out/>
</testsuite> <!-- com.AI.tests.SoftHardAssert -->
